TN:
SF:src/App.tsx
FN:20,PublicOnly
FN:27,ProtectedPage
FN:35,App
FNF:3
FNH:3
FNDA:5,PublicOnly
FNDA:3,ProtectedPage
FNDA:6,App
DA:21,5
DA:22,5
DA:23,4
DA:24,3
DA:28,3
DA:36,6
LF:6
LH:6
BRDA:22,0,0,1
BRDA:22,0,1,4
BRDA:23,1,0,1
BRDA:23,1,1,3
BRF:4
BRH:4
end_of_record
TN:
SF:src/components/Layout.tsx
FN:7,(anonymous_0)
FN:10,Layout
FN:16,(anonymous_2)
FNF:3
FNH:3
FNDA:76,(anonymous_0)
FNDA:9,Layout
FNDA:2,(anonymous_2)
DA:7,2
DA:8,76
DA:11,9
DA:12,9
DA:13,9
DA:14,9
DA:16,9
DA:17,2
DA:18,2
DA:19,1
DA:21,1
DA:25,9
LF:12
LH:12
BRDA:8,0,0,18
BRDA:8,0,1,58
BRDA:46,1,0,9
BRDA:46,1,1,1
BRDA:51,2,0,9
BRDA:51,2,1,1
BRDA:62,3,0,9
BRDA:62,3,1,9
BRDA:89,4,0,9
BRDA:89,4,1,1
BRDA:94,5,0,9
BRDA:94,5,1,1
BRF:12
BRH:12
end_of_record
TN:
SF:src/components/ProtectedRoute.tsx
FN:6,ProtectedRoute
FNF:1
FNH:1
FNDA:6,ProtectedRoute
DA:7,6
DA:9,6
DA:10,1
DA:17,5
DA:18,2
DA:21,3
LF:6
LH:6
BRDA:9,0,0,1
BRDA:9,0,1,5
BRDA:17,1,0,2
BRDA:17,1,1,3
BRF:4
BRH:4
end_of_record
TN:
SF:src/components/StationDetailPanel.tsx
FN:16,batteryColor
FN:23,walkingTime
FN:29,formatCountdown
FN:35,StationDetailPanel
FN:48,(anonymous_4)
FN:55,(anonymous_5)
FN:58,(anonymous_6)
FN:61,(anonymous_7)
FN:65,(anonymous_8)
FN:76,(anonymous_9)
FN:78,(anonymous_10)
FN:90,(anonymous_11)
FN:195,(anonymous_12)
FN:231,(anonymous_13)
FN:241,(anonymous_14)
FNF:15
FNH:15
FNDA:26,batteryColor
FNDA:53,walkingTime
FNDA:8,formatCountdown
FNDA:57,StationDetailPanel
FNDA:19,(anonymous_4)
FNDA:11,(anonymous_5)
FNDA:1,(anonymous_6)
FNDA:12,(anonymous_7)
FNDA:19,(anonymous_8)
FNDA:37,(anonymous_9)
FNDA:2,(anonymous_10)
FNDA:1,(anonymous_11)
FNDA:26,(anonymous_12)
FNDA:1,(anonymous_13)
FNDA:2,(anonymous_14)
DA:17,26
DA:18,5
DA:19,2
DA:24,53
DA:25,53
DA:26,51
DA:30,8
DA:31,8
DA:32,8
DA:41,57
DA:42,57
DA:43,57
DA:44,57
DA:45,57
DA:46,57
DA:48,57
DA:49,19
DA:50,19
DA:51,19
DA:53,19
DA:56,11
DA:59,1
DA:62,12
DA:65,19
DA:66,19
DA:71,57
DA:75,57
DA:76,57
DA:78,57
DA:79,2
DA:80,2
DA:81,2
DA:82,1
DA:84,1
DA:86,2
DA:90,57
DA:91,1
DA:92,1
DA:93,0
DA:95,1
DA:99,57
DA:101,57
DA:196,26
DA:197,26
DA:231,1
DA:241,2
LF:46
LH:45
BRDA:17,0,0,21
BRDA:17,0,1,5
BRDA:18,1,0,3
BRDA:18,1,1,2
BRDA:25,2,0,2
BRDA:25,2,1,51
BRDA:56,3,0,11
BRDA:56,3,1,0
BRDA:59,4,0,1
BRDA:59,4,1,0
BRDA:62,5,0,12
BRDA:62,5,1,0
BRDA:71,6,0,55
BRDA:71,6,1,1
BRDA:76,7,0,57
BRDA:76,7,1,22
BRDA:99,8,0,57
BRDA:99,8,1,4
BRDA:140,9,0,57
BRDA:140,9,1,53
BRDA:140,9,2,53
BRDA:160,10,0,29
BRDA:160,10,1,27
BRDA:164,11,0,1
BRDA:164,11,1,26
BRDA:169,12,0,26
BRDA:169,12,1,8
BRDA:169,12,2,8
BRDA:172,13,0,0
BRDA:172,13,1,8
BRDA:177,14,0,0
BRDA:177,14,1,8
BRDA:178,15,0,0
BRDA:178,15,1,8
BRDA:180,16,0,0
BRDA:180,16,1,8
BRDA:192,17,0,26
BRDA:192,17,1,25
BRDA:201,18,0,8
BRDA:201,18,1,18
BRDA:208,19,0,26
BRDA:208,19,1,8
BRDA:235,20,0,26
BRDA:235,20,1,18
BRDA:253,21,0,26
BRDA:253,21,1,1
BRF:46
BRH:39
end_of_record
TN:
SF:src/components/ui/Button.tsx
FN:22,Button
FNF:1
FNH:1
FNDA:939,Button
DA:10,12
DA:16,12
DA:31,939
LF:3
LH:3
BRDA:24,0,0,939
BRDA:25,1,0,939
BRDA:26,2,0,939
BRDA:28,3,0,939
BRDA:33,4,0,939
BRDA:33,4,1,925
BRDA:37,5,0,26
BRDA:37,5,1,913
BRF:8
BRH:8
end_of_record
TN:
SF:src/components/ui/Input.tsx
FN:9,(anonymous_0)
FNF:1
FNH:1
FNDA:1562,(anonymous_0)
DA:8,4
DA:10,1562
DA:12,1562
DA:39,4
LF:4
LH:4
BRDA:9,0,0,1562
BRDA:10,1,0,1562
BRDA:10,1,1,1561
BRDA:21,2,0,15
BRDA:21,2,1,1547
BRDA:23,3,0,15
BRDA:23,3,1,1547
BRDA:29,4,0,1562
BRDA:29,4,1,15
BRF:9
BRH:9
end_of_record
TN:
SF:src/components/ui/Spinner.tsx
FN:1,Spinner
FNF:1
FNH:1
FNDA:247,Spinner
DA:2,247
LF:1
LH:1
BRDA:1,0,0,247
BRF:1
BRH:1
end_of_record
TN:
SF:src/components/ui/Toast.tsx
FN:15,useToast
FN:23,ToastProvider
FN:26,(anonymous_2)
FN:28,(anonymous_3)
FN:29,(anonymous_4)
FN:30,(anonymous_5)
FN:30,(anonymous_6)
FN:34,(anonymous_7)
FN:35,(anonymous_8)
FN:35,(anonymous_9)
FN:48,(anonymous_10)
FN:51,(anonymous_11)
FNF:12
FNH:12
FNDA:1035,useToast
FNDA:242,ToastProvider
FNDA:54,(anonymous_2)
FNDA:54,(anonymous_3)
FNDA:1,(anonymous_4)
FNDA:1,(anonymous_5)
FNDA:1,(anonymous_6)
FNDA:1,(anonymous_7)
FNDA:1,(anonymous_8)
FNDA:1,(anonymous_9)
FNDA:54,(anonymous_10)
FNDA:1,(anonymous_11)
DA:13,13
DA:16,1035
DA:17,1035
DA:18,1030
DA:21,13
DA:24,242
DA:26,242
DA:27,54
DA:28,54
DA:29,54
DA:30,1
DA:34,242
DA:35,1
DA:38,242
DA:44,242
DA:49,54
DA:51,1
LF:17
LH:17
BRDA:17,0,0,4
BRDA:17,0,1,1031
BRDA:26,1,0,54
BRF:3
BRH:3
end_of_record
TN:
SF:src/contexts/AuthContext.tsx
FN:24,useAuth
FN:30,AuthProvider
FN:35,(anonymous_2)
FN:39,(anonymous_3)
FN:42,(anonymous_4)
FN:45,(anonymous_5)
FN:48,(anonymous_6)
FN:53,(anonymous_7)
FN:58,(anonymous_8)
FN:63,(anonymous_9)
FN:69,(anonymous_10)
FNF:11
FNH:11
FNDA:19,useAuth
FNDA:14,AuthProvider
FNDA:6,(anonymous_2)
FNDA:3,(anonymous_3)
FNDA:3,(anonymous_4)
FNDA:6,(anonymous_5)
FNDA:6,(anonymous_6)
FNDA:1,(anonymous_7)
FNDA:1,(anonymous_8)
FNDA:1,(anonymous_9)
FNDA:14,(anonymous_10)
DA:22,1
DA:25,19
DA:26,19
DA:27,14
DA:31,14
DA:32,14
DA:35,14
DA:36,6
DA:37,6
DA:40,3
DA:43,3
DA:46,6
DA:48,6
DA:49,6
DA:53,14
DA:54,1
DA:55,1
DA:58,14
DA:59,1
DA:60,1
DA:63,14
DA:64,1
DA:65,1
DA:68,14
DA:69,14
DA:80,14
LF:26
LH:26
BRDA:26,0,0,4
BRDA:26,0,1,15
BRDA:40,1,0,2
BRDA:40,1,1,1
BRDA:43,2,0,3
BRDA:43,2,1,0
BRDA:46,3,0,5
BRDA:46,3,1,1
BRF:8
BRH:7
end_of_record
TN:
SF:src/hooks/useActiveRide.ts
FN:4,useActiveRide
FN:8,(anonymous_1)
FN:11,(anonymous_2)
FN:14,(anonymous_3)
FN:17,(anonymous_4)
FN:20,(anonymous_5)
FN:29,(anonymous_6)
FNF:7
FNH:7
FNDA:9,useActiveRide
FNDA:5,(anonymous_1)
FNDA:6,(anonymous_2)
FNDA:5,(anonymous_3)
FNDA:1,(anonymous_4)
FNDA:6,(anonymous_5)
FNDA:5,(anonymous_6)
DA:5,9
DA:6,9
DA:8,9
DA:9,5
DA:11,5
DA:12,6
DA:15,5
DA:18,1
DA:21,6
DA:25,5
DA:28,5
DA:29,5
DA:30,5
DA:31,5
DA:35,9
LF:15
LH:15
BRDA:15,0,0,4
BRDA:15,0,1,1
BRDA:18,1,0,1
BRDA:18,1,1,0
BRDA:21,2,0,5
BRDA:21,2,1,1
BRF:6
BRH:5
end_of_record
TN:
SF:src/hooks/useReservation.ts
FN:12,useReservation
FN:18,(anonymous_1)
FN:31,(anonymous_2)
FN:36,(anonymous_3)
FN:43,(anonymous_4)
FN:49,(anonymous_5)
FN:59,(anonymous_6)
FN:62,(anonymous_7)
FN:68,(anonymous_8)
FNF:9
FNH:9
FNDA:86,useReservation
FNDA:30,(anonymous_1)
FNDA:29,(anonymous_2)
FNDA:29,(anonymous_3)
FNDA:39,(anonymous_4)
FNDA:19,(anonymous_5)
FNDA:8,(anonymous_6)
FNDA:3,(anonymous_7)
FNDA:3,(anonymous_8)
DA:13,86
DA:14,86
DA:15,86
DA:16,86
DA:18,86
DA:19,30
DA:20,30
DA:21,29
DA:22,28
DA:25,1
DA:27,30
DA:31,86
DA:32,29
DA:33,29
DA:35,29
DA:36,29
DA:37,29
DA:38,29
DA:43,86
DA:44,39
DA:45,31
DA:46,31
DA:49,8
DA:50,19
DA:51,19
DA:52,19
DA:53,4
DA:57,8
DA:58,8
DA:59,8
DA:62,86
DA:63,3
DA:64,2
DA:65,2
DA:68,86
DA:69,3
DA:70,2
DA:71,1
DA:74,86
LF:39
LH:39
BRDA:21,0,0,28
BRDA:21,0,1,1
BRDA:22,1,0,28
BRDA:22,1,1,22
BRDA:25,2,0,1
BRDA:25,2,1,0
BRDA:27,3,0,29
BRDA:27,3,1,1
BRDA:44,4,0,31
BRDA:44,4,1,8
BRDA:52,5,0,4
BRDA:52,5,1,15
BRDA:69,6,0,1
BRDA:69,6,1,2
BRF:14
BRH:13
end_of_record
TN:
SF:src/hooks/useWebSocket.ts
FN:16,useWebSocket
FN:30,(anonymous_1)
FN:35,(anonymous_2)
FN:39,(anonymous_3)
FN:54,(anonymous_4)
FN:62,(anonymous_5)
FN:63,(anonymous_6)
FN:70,(anonymous_7)
FN:79,(anonymous_8)
FN:90,(anonymous_9)
FN:104,(anonymous_10)
FN:107,(anonymous_11)
FN:119,(anonymous_12)
FN:123,(anonymous_13)
FNF:14
FNH:14
FNDA:28,useWebSocket
FNDA:3,(anonymous_1)
FNDA:4,(anonymous_2)
FNDA:1,(anonymous_3)
FNDA:20,(anonymous_4)
FNDA:14,(anonymous_5)
FNDA:22,(anonymous_6)
FNDA:6,(anonymous_7)
FNDA:2,(anonymous_8)
FNDA:12,(anonymous_9)
FNDA:8,(anonymous_10)
FNDA:1,(anonymous_11)
FNDA:14,(anonymous_12)
FNDA:14,(anonymous_13)
DA:11,1
DA:12,1
DA:13,1
DA:14,1
DA:17,28
DA:18,28
DA:19,28
DA:20,28
DA:22,28
DA:23,28
DA:24,28
DA:25,28
DA:26,28
DA:27,28
DA:28,28
DA:30,28
DA:31,3
DA:32,3
DA:33,3
DA:35,3
DA:36,4
DA:37,4
DA:38,3
DA:39,3
DA:40,1
DA:44,1
DA:46,3
DA:54,28
DA:55,20
DA:56,3
DA:57,3
DA:62,28
DA:63,14
DA:64,22
DA:66,22
DA:67,22
DA:68,22
DA:70,22
DA:71,6
DA:72,6
DA:73,6
DA:74,6
DA:75,6
DA:76,6
DA:79,22
DA:80,2
DA:81,2
DA:82,2
DA:83,2
DA:84,2
DA:90,22
DA:91,12
DA:92,12
DA:93,12
DA:95,12
DA:96,3
DA:97,3
DA:98,3
DA:101,9
DA:102,9
DA:103,9
DA:104,9
DA:107,22
DA:108,1
DA:111,2
DA:112,2
DA:113,0
DA:119,28
DA:120,14
DA:121,14
DA:123,14
DA:124,14
DA:125,14
DA:126,14
DA:127,14
DA:128,12
DA:129,12
DA:134,28
LF:78
LH:77
BRDA:11,0,0,1
BRDA:11,0,1,1
BRDA:31,1,0,0
BRDA:31,1,1,3
BRDA:38,2,0,3
BRDA:38,2,1,0
BRDA:55,3,0,3
BRDA:55,3,1,17
BRDA:64,4,0,0
BRDA:64,4,1,22
BRDA:71,5,0,0
BRDA:71,5,1,6
BRDA:80,6,0,0
BRDA:80,6,1,2
BRDA:91,7,0,0
BRDA:91,7,1,12
BRDA:95,8,0,3
BRDA:95,8,1,9
BRDA:112,9,0,0
BRDA:112,9,1,2
BRDA:125,10,0,5
BRDA:125,10,1,9
BRDA:127,11,0,12
BRDA:127,11,1,2
BRF:24
BRH:17
end_of_record
TN:
SF:src/lib/api.ts
FN:54,(anonymous_0)
FN:55,(anonymous_1)
FN:66,(anonymous_2)
FN:67,(anonymous_3)
FN:83,(anonymous_4)
FN:109,(anonymous_5)
FN:110,(anonymous_6)
FN:112,(anonymous_7)
FN:113,(anonymous_8)
FN:115,(anonymous_9)
FN:115,(anonymous_10)
FN:117,(anonymous_11)
FN:117,(anonymous_12)
FN:119,(anonymous_13)
FN:119,(anonymous_14)
FN:123,(anonymous_15)
FN:128,(anonymous_16)
FN:130,(anonymous_17)
FN:131,(anonymous_18)
FN:154,(anonymous_19)
FN:155,(anonymous_20)
FN:157,(anonymous_21)
FN:158,(anonymous_22)
FN:160,(anonymous_23)
FN:166,(anonymous_24)
FN:168,(anonymous_25)
FN:174,(anonymous_26)
FN:176,(anonymous_27)
FN:177,(anonymous_28)
FN:193,(anonymous_29)
FN:194,(anonymous_30)
FN:196,(anonymous_31)
FN:197,(anonymous_32)
FN:199,(anonymous_33)
FN:199,(anonymous_34)
FN:201,(anonymous_35)
FN:202,(anonymous_36)
FN:208,(anonymous_37)
FN:208,(anonymous_38)
FN:209,(anonymous_39)
FN:209,(anonymous_40)
FN:211,(anonymous_41)
FN:211,(anonymous_42)
FN:212,(anonymous_43)
FN:213,(anonymous_44)
FN:214,(anonymous_45)
FN:215,(anonymous_46)
FN:216,(anonymous_47)
FN:216,(anonymous_48)
FN:218,(anonymous_49)
FN:219,(anonymous_50)
FN:220,(anonymous_51)
FN:221,(anonymous_52)
FN:222,(anonymous_53)
FN:223,(anonymous_54)
FN:224,(anonymous_55)
FN:224,(anonymous_56)
FN:226,(anonymous_57)
FN:227,(anonymous_58)
FN:228,(anonymous_59)
FN:229,(anonymous_60)
FN:230,(anonymous_61)
FN:231,(anonymous_62)
FN:237,(anonymous_63)
FN:237,(anonymous_64)
FN:238,(anonymous_65)
FN:238,(anonymous_66)
FN:239,(anonymous_67)
FN:239,(anonymous_68)
FN:240,(anonymous_69)
FN:240,(anonymous_70)
FN:246,(anonymous_71)
FN:247,(anonymous_72)
FN:248,(anonymous_73)
FN:248,(anonymous_74)
FN:249,(anonymous_75)
FN:249,(anonymous_76)
FNF:77
FNH:77
FNDA:4,(anonymous_0)
FNDA:2,(anonymous_1)
FNDA:1,(anonymous_2)
FNDA:10,(anonymous_3)
FNDA:2,(anonymous_4)
FNDA:1,(anonymous_5)
FNDA:1,(anonymous_6)
FNDA:1,(anonymous_7)
FNDA:1,(anonymous_8)
FNDA:1,(anonymous_9)
FNDA:1,(anonymous_10)
FNDA:1,(anonymous_11)
FNDA:1,(anonymous_12)
FNDA:1,(anonymous_13)
FNDA:1,(anonymous_14)
FNDA:1,(anonymous_15)
FNDA:1,(anonymous_16)
FNDA:1,(anonymous_17)
FNDA:1,(anonymous_18)
FNDA:1,(anonymous_19)
FNDA:1,(anonymous_20)
FNDA:1,(anonymous_21)
FNDA:1,(anonymous_22)
FNDA:1,(anonymous_23)
FNDA:1,(anonymous_24)
FNDA:2,(anonymous_25)
FNDA:2,(anonymous_26)
FNDA:1,(anonymous_27)
FNDA:1,(anonymous_28)
FNDA:1,(anonymous_29)
FNDA:1,(anonymous_30)
FNDA:1,(anonymous_31)
FNDA:1,(anonymous_32)
FNDA:1,(anonymous_33)
FNDA:1,(anonymous_34)
FNDA:1,(anonymous_35)
FNDA:1,(anonymous_36)
FNDA:1,(anonymous_37)
FNDA:1,(anonymous_38)
FNDA:1,(anonymous_39)
FNDA:1,(anonymous_40)
FNDA:1,(anonymous_41)
FNDA:1,(anonymous_42)
FNDA:1,(anonymous_43)
FNDA:1,(anonymous_44)
FNDA:1,(anonymous_45)
FNDA:1,(anonymous_46)
FNDA:1,(anonymous_47)
FNDA:1,(anonymous_48)
FNDA:1,(anonymous_49)
FNDA:1,(anonymous_50)
FNDA:1,(anonymous_51)
FNDA:1,(anonymous_52)
FNDA:1,(anonymous_53)
FNDA:1,(anonymous_54)
FNDA:1,(anonymous_55)
FNDA:1,(anonymous_56)
FNDA:2,(anonymous_57)
FNDA:2,(anonymous_58)
FNDA:1,(anonymous_59)
FNDA:1,(anonymous_60)
FNDA:1,(anonymous_61)
FNDA:1,(anonymous_62)
FNDA:1,(anonymous_63)
FNDA:1,(anonymous_64)
FNDA:1,(anonymous_65)
FNDA:1,(anonymous_66)
FNDA:1,(anonymous_67)
FNDA:1,(anonymous_68)
FNDA:1,(anonymous_69)
FNDA:1,(anonymous_70)
FNDA:1,(anonymous_71)
FNDA:1,(anonymous_72)
FNDA:1,(anonymous_73)
FNDA:1,(anonymous_74)
FNDA:1,(anonymous_75)
FNDA:1,(anonymous_76)
DA:40,1
DA:47,1
DA:52,1
DA:54,1
DA:55,4
DA:56,2
DA:57,1
DA:59,1
DA:62,4
DA:65,1
DA:66,1
DA:68,10
DA:70,10
DA:71,2
DA:75,8
DA:79,2
DA:82,6
DA:83,2
DA:84,2
DA:88,4
DA:90,4
DA:91,4
DA:96,2
DA:97,2
DA:99,2
DA:100,2
DA:101,2
DA:103,4
DA:108,1
DA:110,1
DA:113,1
DA:115,1
DA:117,1
DA:119,1
DA:122,1
DA:124,1
DA:128,1
DA:131,1
DA:153,1
DA:155,1
DA:158,1
DA:161,1
DA:166,1
DA:169,2
DA:174,2
DA:177,1
DA:192,1
DA:194,1
DA:197,1
DA:199,1
DA:202,1
DA:207,1
DA:208,1
DA:209,1
DA:211,1
DA:213,1
DA:215,1
DA:216,1
DA:219,1
DA:221,1
DA:223,1
DA:224,1
DA:227,2
DA:229,1
DA:231,1
DA:236,1
DA:237,1
DA:238,1
DA:239,1
DA:240,1
DA:245,1
DA:247,1
DA:248,1
DA:249,1
LF:74
LH:74
BRDA:41,0,0,1
BRDA:41,0,1,1
BRDA:56,1,0,1
BRDA:56,1,1,1
BRDA:70,2,0,2
BRDA:70,2,1,8
BRDA:70,3,0,10
BRDA:70,3,1,9
BRDA:75,4,0,2
BRDA:75,4,1,6
BRDA:76,5,0,8
BRDA:76,5,1,7
BRDA:82,6,0,2
BRDA:82,6,1,4
BRDA:168,7,0,2
BRDA:168,8,0,2
BRDA:226,9,0,2
BRDA:226,10,0,2
BRF:18
BRH:18
end_of_record
TN:
SF:src/pages/ActiveRide.tsx
FN:11,formatDuration
FN:20,ActiveRide
FN:34,(anonymous_2)
FN:37,(anonymous_3)
FN:44,(anonymous_4)
FN:48,(anonymous_5)
FN:52,(anonymous_6)
FN:56,(anonymous_7)
FN:61,(anonymous_8)
FN:65,(anonymous_9)
FN:71,(anonymous_10)
FN:76,(anonymous_11)
FN:77,(anonymous_12)
FN:80,(anonymous_13)
FN:150,(anonymous_14)
FN:153,(anonymous_15)
FN:168,(anonymous_16)
FNF:17
FNH:15
FNDA:35,formatDuration
FNDA:53,ActiveRide
FNDA:12,(anonymous_2)
FNDA:10,(anonymous_3)
FNDA:1,(anonymous_4)
FNDA:11,(anonymous_5)
FNDA:21,(anonymous_6)
FNDA:9,(anonymous_7)
FNDA:9,(anonymous_8)
FNDA:5,(anonymous_9)
FNDA:4,(anonymous_10)
FNDA:0,(anonymous_11)
FNDA:4,(anonymous_12)
FNDA:2,(anonymous_13)
FNDA:0,(anonymous_14)
FNDA:8,(anonymous_15)
FNDA:1,(anonymous_16)
DA:8,2
DA:9,2
DA:12,35
DA:13,35
DA:14,35
DA:15,35
DA:16,35
DA:17,34
DA:21,53
DA:22,53
DA:24,53
DA:25,53
DA:26,53
DA:27,53
DA:28,53
DA:29,53
DA:30,53
DA:31,53
DA:34,53
DA:35,12
DA:38,10
DA:39,9
DA:41,1
DA:45,1
DA:46,1
DA:48,11
DA:52,53
DA:53,21
DA:54,9
DA:56,9
DA:57,9
DA:59,9
DA:60,9
DA:61,9
DA:65,53
DA:66,5
DA:67,5
DA:69,5
DA:72,4
DA:73,4
DA:74,4
DA:76,0
DA:77,4
DA:80,53
DA:81,2
DA:82,2
DA:83,2
DA:84,2
DA:85,1
DA:86,1
DA:88,1
DA:90,2
DA:94,53
DA:95,18
DA:102,35
DA:104,35
DA:105,35
DA:107,35
DA:150,0
DA:154,8
DA:168,1
LF:61
LH:59
BRDA:15,0,0,0
BRDA:15,0,1,35
BRDA:16,1,0,1
BRDA:16,1,1,34
BRDA:38,2,0,9
BRDA:38,2,1,1
BRDA:53,3,0,12
BRDA:53,3,1,9
BRDA:74,4,0,4
BRDA:74,4,1,0
BRDA:81,5,0,0
BRDA:81,5,1,2
BRDA:81,6,0,2
BRDA:81,6,1,2
BRDA:94,7,0,18
BRDA:94,7,1,35
BRDA:102,8,0,0
BRDA:102,8,1,35
BRDA:116,9,0,35
BRDA:116,9,1,31
BRDA:117,10,0,53
BRDA:117,10,1,4
BRDA:118,11,0,53
BRDA:118,11,1,2
BRDA:138,12,0,16
BRDA:138,12,1,19
BRDA:142,13,0,9
BRDA:142,13,1,7
BRF:28
BRH:24
end_of_record
TN:
SF:src/pages/Home.tsx
FN:28,stationIcon
FN:50,StationMarkers
FN:60,(anonymous_2)
FN:71,(anonymous_3)
FN:74,(anonymous_4)
FN:81,(anonymous_5)
FN:90,UserLocationHandler
FN:97,(anonymous_7)
FN:101,(anonymous_8)
FN:106,(anonymous_9)
FN:116,ConnectionBadge
FN:125,(anonymous_11)
FN:127,(anonymous_12)
FN:130,(anonymous_13)
FN:146,Home
FN:157,(anonymous_15)
FN:164,(anonymous_16)
FN:165,(anonymous_17)
FN:172,(anonymous_18)
FN:182,(anonymous_19)
FN:197,(anonymous_20)
FN:198,(anonymous_21)
FN:203,(anonymous_22)
FN:207,(anonymous_23)
FN:246,(anonymous_24)
FNF:25
FNH:22
FNDA:27,stationIcon
FNDA:29,StationMarkers
FNDA:29,(anonymous_2)
FNDA:27,(anonymous_3)
FNDA:0,(anonymous_4)
FNDA:29,(anonymous_5)
FNDA:29,UserLocationHandler
FNDA:29,(anonymous_7)
FNDA:10,(anonymous_8)
FNDA:1,(anonymous_9)
FNDA:31,ConnectionBadge
FNDA:18,(anonymous_11)
FNDA:3,(anonymous_12)
FNDA:3,(anonymous_13)
FNDA:35,Home
FNDA:18,(anonymous_15)
FNDA:1,(anonymous_16)
FNDA:3,(anonymous_17)
FNDA:10,(anonymous_18)
FNDA:16,(anonymous_19)
FNDA:17,(anonymous_20)
FNDA:6,(anonymous_21)
FNDA:17,(anonymous_22)
FNDA:0,(anonymous_23)
FNDA:0,(anonymous_24)
DA:16,2
DA:17,2
DA:21,2
DA:22,2
DA:30,27
DA:31,9
DA:32,9
DA:34,27
DA:57,29
DA:58,29
DA:60,29
DA:61,29
DA:62,12
DA:65,29
DA:71,29
DA:72,27
DA:73,27
DA:74,27
DA:75,27
DA:78,29
DA:79,29
DA:81,29
DA:82,29
DA:86,29
DA:95,29
DA:97,29
DA:98,29
DA:100,27
DA:102,10
DA:103,10
DA:104,10
DA:113,29
DA:117,31
DA:123,31
DA:125,31
DA:126,18
DA:127,3
DA:128,3
DA:129,3
DA:130,3
DA:133,31
DA:147,35
DA:148,35
DA:149,35
DA:150,35
DA:151,35
DA:152,35
DA:154,35
DA:157,35
DA:158,18
DA:159,1
DA:164,1
DA:165,1
DA:166,3
DA:171,35
DA:173,10
DA:174,10
DA:175,10
DA:181,35
DA:183,16
DA:184,16
DA:185,16
DA:186,15
DA:188,1
DA:190,16
DA:197,35
DA:198,17
DA:199,6
DA:200,6
DA:203,17
DA:207,35
DA:208,0
DA:211,35
DA:246,0
LF:74
LH:72
BRDA:30,0,0,9
BRDA:30,0,1,18
BRDA:30,1,0,9
BRDA:30,1,1,9
BRDA:61,2,0,12
BRDA:61,2,1,17
BRDA:98,3,0,2
BRDA:98,3,1,27
BRDA:126,4,0,15
BRDA:126,4,1,3
BRDA:135,5,0,31
BRDA:135,5,1,0
BRDA:137,6,0,31
BRDA:137,6,1,3
BRDA:139,7,0,3
BRDA:139,7,1,0
BRDA:158,8,0,17
BRDA:158,8,1,1
BRDA:158,9,0,18
BRDA:158,9,1,2
BRDA:166,10,0,1
BRDA:166,10,1,2
BRDA:199,11,0,6
BRDA:199,11,1,0
BRDA:217,12,0,35
BRDA:217,12,1,27
BRDA:241,13,0,35
BRDA:241,13,1,0
BRF:28
BRH:24
end_of_record
TN:
SF:src/pages/Login.tsx
FN:9,Login
FN:19,(anonymous_1)
FN:29,(anonymous_2)
FN:63,(anonymous_3)
FN:73,(anonymous_4)
FNF:5
FNH:5
FNDA:132,Login
FNDA:6,(anonymous_1)
FNDA:6,(anonymous_2)
FNDA:71,(anonymous_3)
FNDA:42,(anonymous_4)
DA:10,132
DA:11,132
DA:12,132
DA:14,132
DA:15,132
DA:16,132
DA:17,132
DA:19,132
DA:20,6
DA:21,6
DA:23,1
DA:24,6
DA:25,6
DA:26,6
DA:29,132
DA:30,6
DA:31,6
DA:33,3
DA:34,3
DA:35,3
DA:36,1
DA:39,2
DA:42,2
DA:44,3
DA:48,132
DA:63,71
DA:73,42
LF:27
LH:27
BRDA:21,0,0,1
BRDA:21,0,1,5
BRDA:21,1,0,1
BRDA:21,1,1,4
BRDA:24,2,0,2
BRDA:24,2,1,4
BRDA:31,3,0,3
BRDA:31,3,1,3
BRDA:39,4,0,1
BRDA:39,4,1,1
BRDA:40,5,0,1
BRDA:40,5,1,0
BRF:12
BRH:11
end_of_record
TN:
SF:src/pages/PaymentMethods.tsx
FN:9,PaymentMethods
FN:25,(anonymous_1)
FN:28,(anonymous_2)
FN:29,(anonymous_3)
FN:30,(anonymous_4)
FN:33,(anonymous_5)
FN:38,(anonymous_6)
FN:58,(anonymous_7)
FN:71,(anonymous_8)
FN:76,(anonymous_9)
FN:76,(anonymous_10)
FN:85,(anonymous_11)
FN:89,(anonymous_12)
FN:89,(anonymous_13)
FN:98,(anonymous_14)
FN:125,(anonymous_15)
FN:149,(anonymous_16)
FN:157,(anonymous_17)
FN:180,(anonymous_18)
FN:190,(anonymous_19)
FN:193,(anonymous_20)
FN:209,(anonymous_21)
FN:220,(anonymous_22)
FN:231,(anonymous_23)
FN:237,(anonymous_24)
FNF:25
FNH:23
FNDA:98,PaymentMethods
FNDA:15,(anonymous_1)
FNDA:14,(anonymous_2)
FNDA:0,(anonymous_3)
FNDA:14,(anonymous_4)
FNDA:15,(anonymous_5)
FNDA:5,(anonymous_6)
FNDA:1,(anonymous_7)
FNDA:3,(anonymous_8)
FNDA:1,(anonymous_9)
FNDA:1,(anonymous_10)
FNDA:2,(anonymous_11)
FNDA:1,(anonymous_12)
FNDA:1,(anonymous_13)
FNDA:17,(anonymous_14)
FNDA:17,(anonymous_15)
FNDA:2,(anonymous_16)
FNDA:3,(anonymous_17)
FNDA:18,(anonymous_18)
FNDA:0,(anonymous_19)
FNDA:147,(anonymous_20)
FNDA:5,(anonymous_21)
FNDA:14,(anonymous_22)
FNDA:1,(anonymous_23)
FNDA:6,(anonymous_24)
DA:7,2
DA:10,98
DA:12,98
DA:13,98
DA:14,98
DA:17,98
DA:18,98
DA:19,98
DA:20,98
DA:21,98
DA:23,98
DA:25,98
DA:26,15
DA:28,14
DA:29,0
DA:30,14
DA:33,98
DA:34,15
DA:38,98
DA:39,5
DA:40,5
DA:41,1
DA:42,1
DA:44,4
DA:45,4
DA:46,4
DA:47,1
DA:48,1
DA:50,3
DA:51,1
DA:52,1
DA:55,2
DA:56,2
DA:57,2
DA:58,1
DA:59,1
DA:60,1
DA:61,1
DA:62,1
DA:63,1
DA:65,1
DA:67,2
DA:71,98
DA:72,3
DA:73,2
DA:74,2
DA:75,2
DA:76,1
DA:77,1
DA:79,1
DA:81,2
DA:85,98
DA:86,2
DA:87,2
DA:88,2
DA:89,1
DA:90,1
DA:92,1
DA:94,2
DA:98,98
DA:99,17
DA:100,2
DA:101,0
DA:102,0
DA:105,98
DA:106,25
DA:113,73
DA:126,17
DA:149,2
DA:157,3
DA:180,18
DA:190,0
DA:194,147
DA:209,5
DA:220,14
DA:231,1
DA:237,6
LF:77
LH:73
BRDA:40,0,0,1
BRDA:40,0,1,4
BRDA:40,1,0,5
BRDA:40,1,1,4
BRDA:46,2,0,1
BRDA:46,2,1,3
BRDA:46,3,0,4
BRDA:46,3,1,4
BRDA:46,3,2,4
BRDA:50,4,0,1
BRDA:50,4,1,2
BRDA:50,5,0,3
BRDA:50,5,1,3
BRDA:72,6,0,1
BRDA:72,6,1,2
BRDA:99,7,0,15
BRDA:99,7,1,2
BRDA:100,8,0,2
BRDA:100,8,1,0
BRDA:101,9,0,0
BRDA:101,9,1,0
BRDA:105,10,0,25
BRDA:105,10,1,73
BRDA:118,11,0,58
BRDA:118,11,1,15
BRDA:135,12,0,17
BRDA:135,12,1,9
BRDA:147,13,0,17
BRDA:147,13,1,8
BRDA:170,14,0,49
BRDA:170,14,1,24
BRF:31
BRH:28
end_of_record
TN:
SF:src/pages/Register.tsx
FN:9,Register
FN:21,(anonymous_1)
FN:46,(anonymous_2)
FN:81,(anonymous_3)
FN:91,(anonymous_4)
FN:101,(anonymous_5)
FN:111,(anonymous_6)
FNF:7
FNH:7
FNDA:235,Register
FNDA:7,(anonymous_1)
FNDA:7,(anonymous_2)
FNDA:29,(anonymous_3)
FNDA:93,(anonymous_4)
FNDA:47,(anonymous_5)
FNDA:47,(anonymous_6)
DA:10,235
DA:11,235
DA:12,235
DA:14,235
DA:15,235
DA:16,235
DA:17,235
DA:18,235
DA:19,235
DA:21,235
DA:22,7
DA:24,7
DA:26,7
DA:28,1
DA:30,7
DA:31,1
DA:32,6
DA:33,1
DA:34,5
DA:35,1
DA:38,7
DA:39,1
DA:42,7
DA:43,7
DA:46,235
DA:47,7
DA:48,7
DA:50,2
DA:51,2
DA:52,2
DA:53,1
DA:54,1
DA:57,1
DA:60,1
DA:62,2
DA:66,235
DA:81,29
DA:91,93
DA:101,47
DA:111,47
LF:40
LH:40
BRDA:24,0,0,1
BRDA:24,0,1,6
BRDA:26,1,0,1
BRDA:26,1,1,6
BRDA:26,2,0,1
BRDA:26,2,1,5
BRDA:30,3,0,1
BRDA:30,3,1,6
BRDA:32,4,0,1
BRDA:32,4,1,5
BRDA:34,5,0,1
BRDA:34,5,1,4
BRDA:34,6,0,5
BRDA:34,6,1,5
BRDA:38,7,0,1
BRDA:38,7,1,6
BRDA:48,8,0,5
BRDA:48,8,1,2
BRDA:57,9,0,1
BRDA:57,9,1,0
BRDA:58,10,0,1
BRDA:58,10,1,0
BRF:22
BRH:20
end_of_record
TN:
SF:src/pages/RideHistory.tsx
FN:8,formatDate
FN:13,formatDuration
FN:21,statusBadge
FN:34,RideHistory
FN:45,(anonymous_4)
FN:50,(anonymous_5)
FN:51,(anonymous_6)
FN:55,(anonymous_7)
FN:56,(anonymous_8)
FN:59,(anonymous_9)
FN:80,(anonymous_10)
FN:86,(anonymous_11)
FN:90,(anonymous_12)
FN:135,(anonymous_13)
FN:152,(anonymous_14)
FNF:15
FNH:15
FNDA:20,formatDate
FNDA:3,formatDuration
FNDA:20,statusBadge
FNDA:39,RideHistory
FNDA:12,(anonymous_4)
FNDA:10,(anonymous_5)
FNDA:10,(anonymous_6)
FNDA:1,(anonymous_7)
FNDA:11,(anonymous_8)
FNDA:11,(anonymous_9)
FNDA:1,(anonymous_10)
FNDA:20,(anonymous_11)
FNDA:3,(anonymous_12)
FNDA:1,(anonymous_13)
FNDA:1,(anonymous_14)
DA:9,20
DA:10,20
DA:14,3
DA:15,3
DA:16,1
DA:17,1
DA:18,1
DA:22,20
DA:24,18
DA:26,0
DA:28,2
DA:30,0
DA:35,39
DA:36,39
DA:38,39
DA:39,39
DA:40,39
DA:41,39
DA:42,39
DA:43,39
DA:45,39
DA:46,12
DA:47,12
DA:48,12
DA:51,10
DA:52,10
DA:53,10
DA:55,1
DA:56,11
DA:59,39
DA:60,11
DA:64,39
DA:65,17
DA:72,22
DA:80,1
DA:87,20
DA:90,3
DA:136,1
DA:137,1
DA:152,1
LF:40
LH:38
BRDA:14,0,0,0
BRDA:14,0,1,3
BRDA:15,1,0,2
BRDA:15,1,1,1
BRDA:18,2,0,0
BRDA:18,2,1,1
BRDA:22,3,0,18
BRDA:22,3,1,0
BRDA:22,3,2,2
BRDA:22,3,3,0
BRDA:45,4,0,12
BRDA:46,5,0,1
BRDA:46,5,1,11
BRDA:51,6,0,1
BRDA:51,6,1,9
BRDA:64,7,0,17
BRDA:64,7,1,22
BRDA:76,8,0,5
BRDA:76,8,1,17
BRDA:90,9,0,0
BRDA:90,9,1,3
BRDA:95,10,0,20
BRDA:95,10,1,0
BRDA:95,11,0,20
BRDA:95,11,1,0
BRDA:100,12,0,20
BRDA:100,12,1,18
BRDA:112,13,0,20
BRDA:112,13,1,3
BRDA:122,14,0,3
BRDA:122,14,1,0
BRDA:125,15,0,3
BRDA:125,15,1,1
BRDA:148,16,0,17
BRDA:148,16,1,3
BRF:35
BRH:27
end_of_record
TN:
SF:src/pages/RideSummary.tsx
FN:11,formatDuration
FN:19,RideSummary
FN:27,(anonymous_2)
FN:31,(anonymous_3)
FN:32,(anonymous_4)
FN:33,(anonymous_5)
FN:48,(anonymous_6)
FN:128,(anonymous_7)
FN:131,(anonymous_8)
FNF:9
FNH:9
FNDA:7,formatDuration
FNDA:24,RideSummary
FNDA:10,(anonymous_2)
FNDA:7,(anonymous_3)
FNDA:2,(anonymous_4)
FNDA:9,(anonymous_5)
FNDA:1,(anonymous_6)
FNDA:1,(anonymous_7)
FNDA:1,(anonymous_8)
DA:8,2
DA:9,2
DA:12,7
DA:13,5
DA:14,1
DA:15,1
DA:16,1
DA:20,24
DA:21,24
DA:22,24
DA:24,24
DA:25,24
DA:27,24
DA:28,10
DA:29,10
DA:31,7
DA:32,2
DA:33,9
DA:36,24
DA:37,15
DA:44,9
DA:45,2
DA:48,1
DA:53,7
DA:54,24
DA:56,24
DA:128,1
DA:131,1
LF:28
LH:28
BRDA:12,0,0,2
BRDA:12,0,1,5
BRDA:13,1,0,4
BRDA:13,1,1,1
BRDA:16,2,0,0
BRDA:16,2,1,1
BRDA:28,3,0,0
BRDA:28,3,1,10
BRDA:36,4,0,15
BRDA:36,4,1,9
BRDA:44,5,0,2
BRDA:44,5,1,7
BRDA:53,6,0,5
BRDA:53,6,1,2
BRDA:54,7,0,24
BRDA:54,7,1,2
BRDA:64,8,0,5
BRDA:64,8,1,2
BRDA:66,9,0,2
BRDA:66,9,1,0
BRDA:73,10,0,24
BRDA:73,10,1,1
BRDA:85,11,0,24
BRDA:85,11,1,0
BRDA:89,12,0,24
BRDA:89,12,1,5
BRDA:93,13,0,24
BRDA:93,13,1,2
BRDA:97,14,0,24
BRDA:97,14,1,1
BRDA:114,15,0,5
BRDA:114,15,1,2
BRF:32
BRH:28
end_of_record
TN:
SF:src/pages/Subscriptions.tsx
FN:28,Subscriptions
FN:35,(anonymous_1)
FN:37,(anonymous_2)
FN:38,(anonymous_3)
FN:40,(anonymous_4)
FN:44,(anonymous_5)
FN:49,(anonymous_6)
FN:63,(anonymous_7)
FN:91,(anonymous_8)
FN:182,(anonymous_9)
FNF:10
FNH:10
FNDA:46,Subscriptions
FNDA:15,(anonymous_1)
FNDA:1,(anonymous_2)
FNDA:1,(anonymous_3)
FNDA:14,(anonymous_4)
FNDA:14,(anonymous_5)
FNDA:3,(anonymous_6)
FNDA:2,(anonymous_7)
FNDA:35,(anonymous_8)
FNDA:3,(anonymous_9)
DA:22,2
DA:29,46
DA:30,46
DA:31,46
DA:32,46
DA:33,46
DA:35,46
DA:36,15
DA:37,1
DA:38,1
DA:41,14
DA:42,14
DA:44,14
DA:47,46
DA:49,46
DA:50,3
DA:51,2
DA:52,2
DA:53,2
DA:54,1
DA:55,1
DA:57,1
DA:59,2
DA:63,46
DA:64,2
DA:65,2
DA:66,2
DA:67,2
DA:68,1
DA:69,1
DA:71,1
DA:73,2
DA:77,46
DA:78,24
DA:85,22
DA:92,35
DA:93,35
DA:95,35
DA:182,3
LF:39
LH:39
BRDA:41,0,0,14
BRDA:41,0,1,0
BRDA:42,1,0,14
BRDA:42,1,1,10
BRDA:47,2,0,46
BRDA:47,2,1,35
BRDA:50,3,0,1
BRDA:50,3,1,2
BRDA:64,4,0,0
BRDA:64,4,1,2
BRDA:77,5,0,24
BRDA:77,5,1,22
BRDA:99,6,0,16
BRDA:99,6,1,19
BRDA:104,7,0,35
BRDA:104,7,1,4
BRDA:110,8,0,35
BRDA:110,8,1,16
BRDA:122,9,0,4
BRDA:122,9,1,31
BRDA:127,10,0,23
BRDA:127,10,1,12
BRDA:160,11,0,16
BRDA:160,11,1,19
BRDA:161,12,0,8
BRDA:161,12,1,8
BRDA:177,13,0,19
BRDA:177,13,1,15
BRDA:193,14,0,22
BRDA:193,14,1,1
BRF:30
BRH:28
end_of_record
TN:
SF:src/pages/UnlockBike.tsx
FN:11,UnlockBike
FN:24,(anonymous_1)
FN:28,(anonymous_2)
FN:30,(anonymous_3)
FN:33,(anonymous_4)
FN:34,(anonymous_5)
FN:37,(anonymous_6)
FN:117,(anonymous_7)
FN:123,(anonymous_8)
FNF:9
FNH:9
FNDA:34,UnlockBike
FNDA:9,(anonymous_1)
FNDA:7,(anonymous_2)
FNDA:6,(anonymous_3)
FNDA:1,(anonymous_4)
FNDA:8,(anonymous_5)
FNDA:3,(anonymous_6)
FNDA:1,(anonymous_7)
FNDA:5,(anonymous_8)
DA:8,2
DA:9,2
DA:12,34
DA:13,34
DA:14,34
DA:15,34
DA:16,34
DA:18,34
DA:19,34
DA:20,34
DA:21,34
DA:22,34
DA:24,34
DA:25,9
DA:26,9
DA:29,7
DA:30,7
DA:31,7
DA:33,1
DA:34,8
DA:37,34
DA:38,3
DA:39,3
DA:40,3
DA:41,3
DA:42,1
DA:43,1
DA:46,2
DA:50,2
DA:52,3
DA:53,3
DA:57,34
DA:58,15
DA:65,19
DA:117,1
DA:123,5
LF:36
LH:36
BRDA:14,0,0,34
BRDA:14,0,1,0
BRDA:25,1,0,0
BRDA:25,1,1,9
BRDA:31,2,0,7
BRDA:31,2,1,1
BRDA:38,3,0,0
BRDA:38,3,1,3
BRDA:38,4,0,3
BRDA:38,4,1,3
BRDA:46,5,0,1
BRDA:46,5,1,1
BRDA:46,6,0,2
BRDA:46,6,1,2
BRDA:46,6,2,2
BRDA:47,7,0,1
BRDA:47,7,1,0
BRDA:57,8,0,15
BRDA:57,8,1,19
BRDA:73,9,0,19
BRDA:73,9,1,2
BRDA:76,10,0,34
BRDA:76,10,1,17
BRDA:80,11,0,17
BRDA:80,11,1,0
BRDA:80,12,0,0
BRDA:80,12,1,0
BRDA:88,13,0,34
BRDA:88,13,1,18
BRDA:107,14,0,8
BRDA:107,14,1,11
BRF:31
BRH:24
end_of_record
TN:
SF:src/pages/admin/AdminLayout.tsx
FN:13,(anonymous_0)
FN:18,AdminLayout
FN:41,(anonymous_2)
FN:60,(anonymous_3)
FN:71,(anonymous_4)
FN:77,(anonymous_5)
FNF:6
FNH:6
FNDA:180,(anonymous_0)
FNDA:45,AdminLayout
FNDA:2,(anonymous_2)
FNDA:1,(anonymous_3)
FNDA:172,(anonymous_4)
FNDA:1,(anonymous_5)
DA:6,2
DA:13,2
DA:14,180
DA:19,45
DA:20,45
DA:22,45
DA:23,1
DA:30,44
DA:31,1
DA:34,43
DA:41,2
DA:60,1
DA:72,172
DA:77,1
LF:14
LH:14
BRDA:15,0,0,45
BRDA:15,0,1,135
BRDA:22,1,0,1
BRDA:22,1,1,44
BRDA:30,2,0,1
BRDA:30,2,1,43
BRDA:30,3,0,44
BRDA:30,3,1,44
BRDA:57,4,0,43
BRDA:57,4,1,2
BRDA:67,5,0,2
BRDA:67,5,1,41
BRF:12
BRH:12
end_of_record
TN:
SF:src/pages/admin/BikeManagement.tsx
FN:25,batteryColor
FN:31,statusBadge
FN:43,BikeManagement
FN:60,(anonymous_3)
FN:68,(anonymous_4)
FN:69,(anonymous_5)
FN:70,(anonymous_6)
FN:73,(anonymous_7)
FN:76,(anonymous_8)
FN:76,(anonymous_9)
FN:77,(anonymous_10)
FN:80,(anonymous_11)
FN:86,(anonymous_12)
FN:92,(anonymous_13)
FN:103,(anonymous_14)
FN:125,(anonymous_15)
FN:125,(anonymous_16)
FN:129,(anonymous_17)
FN:140,(anonymous_18)
FN:144,(anonymous_19)
FN:144,(anonymous_20)
FN:172,(anonymous_21)
FN:176,(anonymous_22)
FN:184,(anonymous_23)
FN:188,(anonymous_24)
FN:198,(anonymous_25)
FN:219,(anonymous_26)
FN:247,(anonymous_27)
FN:253,(anonymous_28)
FN:276,(anonymous_29)
FN:281,(anonymous_30)
FN:290,(anonymous_31)
FN:290,(anonymous_32)
FN:296,(anonymous_33)
FN:296,(anonymous_34)
FN:303,(anonymous_35)
FN:303,(anonymous_36)
FN:308,(anonymous_37)
FN:321,(anonymous_38)
FN:321,(anonymous_39)
FN:329,(anonymous_40)
FNF:41
FNH:34
FNDA:23,batteryColor
FNDA:23,statusBadge
FNDA:65,BikeManagement
FNDA:11,(anonymous_3)
FNDA:11,(anonymous_4)
FNDA:0,(anonymous_5)
FNDA:11,(anonymous_6)
FNDA:9,(anonymous_7)
FNDA:9,(anonymous_8)
FNDA:8,(anonymous_9)
FNDA:0,(anonymous_10)
FNDA:11,(anonymous_11)
FNDA:2,(anonymous_12)
FNDA:1,(anonymous_13)
FNDA:2,(anonymous_14)
FNDA:1,(anonymous_15)
FNDA:1,(anonymous_16)
FNDA:1,(anonymous_17)
FNDA:1,(anonymous_18)
FNDA:1,(anonymous_19)
FNDA:1,(anonymous_20)
FNDA:0,(anonymous_21)
FNDA:47,(anonymous_22)
FNDA:1,(anonymous_23)
FNDA:196,(anonymous_24)
FNDA:1,(anonymous_25)
FNDA:23,(anonymous_26)
FNDA:1,(anonymous_27)
FNDA:1,(anonymous_28)
FNDA:0,(anonymous_29)
FNDA:6,(anonymous_30)
FNDA:5,(anonymous_31)
FNDA:5,(anonymous_32)
FNDA:7,(anonymous_33)
FNDA:7,(anonymous_34)
FNDA:1,(anonymous_35)
FNDA:1,(anonymous_36)
FNDA:18,(anonymous_37)
FNDA:0,(anonymous_38)
FNDA:0,(anonymous_39)
FNDA:0,(anonymous_40)
DA:23,2
DA:26,23
DA:27,3
DA:28,3
DA:32,23
DA:38,23
DA:41,2
DA:44,65
DA:45,65
DA:46,65
DA:47,65
DA:50,65
DA:51,65
DA:52,65
DA:55,65
DA:56,65
DA:57,65
DA:58,65
DA:60,65
DA:61,11
DA:62,11
DA:63,11
DA:64,11
DA:66,11
DA:68,11
DA:69,0
DA:70,11
DA:73,65
DA:74,9
DA:76,9
DA:80,65
DA:81,11
DA:82,11
DA:86,65
DA:87,2
DA:88,2
DA:89,2
DA:92,65
DA:93,1
DA:94,1
DA:100,1
DA:103,65
DA:104,2
DA:105,2
DA:106,2
DA:107,0
DA:108,0
DA:110,2
DA:111,0
DA:112,0
DA:115,2
DA:116,2
DA:117,2
DA:123,2
DA:124,1
DA:125,1
DA:126,1
DA:128,1
DA:129,1
DA:130,1
DA:132,2
DA:134,0
DA:136,2
DA:140,65
DA:141,1
DA:142,1
DA:143,1
DA:144,1
DA:145,1
DA:147,0
DA:151,65
DA:152,16
DA:159,49
DA:172,0
DA:177,47
DA:184,1
DA:189,196
DA:198,1
DA:220,23
DA:247,1
DA:253,1
DA:276,0
DA:281,6
DA:290,5
DA:296,7
DA:303,1
DA:309,18
DA:321,0
DA:329,0
LF:89
LH:78
BRDA:26,0,0,20
BRDA:26,0,1,3
BRDA:27,1,0,0
BRDA:27,1,1,3
BRDA:38,2,0,23
BRDA:38,2,1,0
BRDA:62,3,0,0
BRDA:62,3,1,11
BRDA:63,4,0,1
BRDA:63,4,1,10
BRDA:64,5,0,1
BRDA:64,5,1,10
BRDA:68,6,0,11
BRDA:68,6,1,0
BRDA:76,7,0,9
BRDA:76,7,1,0
BRDA:97,8,0,1
BRDA:97,8,1,0
BRDA:106,9,0,0
BRDA:106,9,1,2
BRDA:106,10,0,2
BRDA:106,10,1,2
BRDA:110,11,0,0
BRDA:110,11,1,2
BRDA:110,12,0,2
BRDA:110,12,1,2
BRDA:110,12,2,2
BRDA:123,13,0,1
BRDA:123,13,1,1
BRDA:125,14,0,1
BRDA:125,14,1,0
BRDA:141,15,0,0
BRDA:141,15,1,1
BRDA:151,16,0,16
BRDA:151,16,1,49
BRDA:151,17,0,65
BRDA:151,17,1,22
BRDA:224,18,0,23
BRDA:224,18,1,17
BRDA:224,18,2,0
BRDA:262,19,0,49
BRDA:262,19,1,29
BRDA:274,20,0,65
BRDA:274,20,1,18
BRDA:284,21,0,2
BRDA:284,21,1,16
BRDA:327,22,0,2
BRDA:327,22,1,16
BRF:48
BRH:37
end_of_record
TN:
SF:src/pages/admin/FleetOverview.tsx
FN:29,FleetOverview
FN:36,(anonymous_1)
FN:38,(anonymous_2)
FN:42,(anonymous_3)
FN:43,(anonymous_4)
FN:72,(anonymous_5)
FN:75,(anonymous_6)
FN:83,(anonymous_7)
FN:97,(anonymous_8)
FNF:9
FNH:9
FNDA:24,FleetOverview
FNDA:9,(anonymous_1)
FNDA:8,(anonymous_2)
FNDA:1,(anonymous_3)
FNDA:9,(anonymous_4)
FNDA:1,(anonymous_5)
FNDA:1,(anonymous_6)
FNDA:48,(anonymous_7)
FNDA:3,(anonymous_8)
DA:30,24
DA:31,24
DA:32,24
DA:33,24
DA:34,24
DA:36,24
DA:37,9
DA:39,8
DA:40,8
DA:42,1
DA:43,9
DA:46,24
DA:47,15
DA:54,9
DA:55,1
DA:58,8
DA:67,8
DA:72,1
DA:75,1
DA:84,48
DA:98,3
LF:21
LH:21
BRDA:40,0,0,8
BRDA:40,0,1,0
BRDA:46,1,0,15
BRDA:46,1,1,9
BRDA:54,2,0,1
BRDA:54,2,1,8
BRDA:106,3,0,2
BRDA:106,3,1,1
BRDA:109,4,0,2
BRDA:109,4,1,1
BRDA:120,5,0,3
BRDA:120,5,1,0
BRF:12
BRH:10
end_of_record
TN:
SF:src/pages/admin/StationManagement.tsx
FN:21,StationManagement
FN:31,(anonymous_1)
FN:34,(anonymous_2)
FN:35,(anonymous_3)
FN:36,(anonymous_4)
FN:39,(anonymous_5)
FN:44,(anonymous_6)
FN:50,(anonymous_7)
FN:62,(anonymous_8)
FN:86,(anonymous_9)
FN:86,(anonymous_10)
FN:90,(anonymous_11)
FN:101,(anonymous_12)
FN:105,(anonymous_13)
FN:105,(anonymous_14)
FN:113,(anonymous_15)
FN:141,(anonymous_16)
FN:160,(anonymous_17)
FN:178,(anonymous_18)
FN:184,(anonymous_19)
FN:207,(anonymous_20)
FN:212,(anonymous_21)
FN:221,(anonymous_22)
FN:221,(anonymous_23)
FN:227,(anonymous_24)
FN:227,(anonymous_25)
FN:236,(anonymous_26)
FN:236,(anonymous_27)
FN:244,(anonymous_28)
FN:244,(anonymous_29)
FN:253,(anonymous_30)
FN:253,(anonymous_31)
FN:261,(anonymous_32)
FNF:33
FNH:30
FNDA:106,StationManagement
FNDA:12,(anonymous_1)
FNDA:12,(anonymous_2)
FNDA:0,(anonymous_3)
FNDA:12,(anonymous_4)
FNDA:12,(anonymous_5)
FNDA:4,(anonymous_6)
FNDA:2,(anonymous_7)
FNDA:4,(anonymous_8)
FNDA:1,(anonymous_9)
FNDA:1,(anonymous_10)
FNDA:1,(anonymous_11)
FNDA:2,(anonymous_12)
FNDA:1,(anonymous_13)
FNDA:1,(anonymous_14)
FNDA:44,(anonymous_15)
FNDA:7,(anonymous_16)
FNDA:29,(anonymous_17)
FNDA:2,(anonymous_18)
FNDA:2,(anonymous_19)
FNDA:0,(anonymous_20)
FNDA:11,(anonymous_21)
FNDA:23,(anonymous_22)
FNDA:23,(anonymous_23)
FNDA:14,(anonymous_24)
FNDA:14,(anonymous_25)
FNDA:4,(anonymous_26)
FNDA:4,(anonymous_27)
FNDA:4,(anonymous_28)
FNDA:4,(anonymous_29)
FNDA:3,(anonymous_30)
FNDA:3,(anonymous_31)
FNDA:0,(anonymous_32)
DA:19,2
DA:22,106
DA:23,106
DA:24,106
DA:25,106
DA:26,106
DA:27,106
DA:28,106
DA:29,106
DA:31,106
DA:32,12
DA:34,12
DA:35,0
DA:36,12
DA:39,106
DA:40,12
DA:44,106
DA:45,4
DA:46,4
DA:47,4
DA:50,106
DA:51,2
DA:52,2
DA:59,2
DA:62,106
DA:63,4
DA:64,4
DA:65,4
DA:66,4
DA:68,4
DA:69,1
DA:70,1
DA:72,3
DA:73,0
DA:74,0
DA:76,3
DA:77,0
DA:78,0
DA:81,3
DA:82,3
DA:83,3
DA:84,3
DA:85,1
DA:86,1
DA:87,1
DA:89,2
DA:90,1
DA:91,1
DA:93,2
DA:95,1
DA:97,3
DA:101,106
DA:102,2
DA:103,2
DA:104,2
DA:105,1
DA:106,1
DA:108,1
DA:112,106
DA:114,44
DA:118,106
DA:119,24
DA:126,82
DA:141,7
DA:161,29
DA:178,2
DA:184,2
DA:207,0
DA:212,11
DA:221,23
DA:227,14
DA:236,4
DA:244,4
DA:253,3
DA:261,0
LF:75
LH:68
BRDA:34,0,0,12
BRDA:34,0,1,0
BRDA:68,1,0,1
BRDA:68,1,1,3
BRDA:68,2,0,4
BRDA:68,2,1,3
BRDA:72,3,0,0
BRDA:72,3,1,3
BRDA:72,4,0,3
BRDA:72,4,1,3
BRDA:76,5,0,0
BRDA:76,5,1,3
BRDA:76,6,0,3
BRDA:76,6,1,3
BRDA:84,7,0,1
BRDA:84,7,1,2
BRDA:86,8,0,1
BRDA:86,8,1,0
BRDA:102,9,0,0
BRDA:102,9,1,2
BRDA:114,10,0,44
BRDA:114,10,1,7
BRDA:118,11,0,24
BRDA:118,11,1,82
BRDA:169,12,0,29
BRDA:169,12,1,0
BRDA:172,13,0,29
BRDA:172,13,1,0
BRDA:193,14,0,82
BRDA:193,14,1,55
BRDA:205,15,0,106
BRDA:205,15,1,59
BRDA:215,16,0,11
BRDA:215,16,1,48
BRDA:259,17,0,11
BRDA:259,17,1,48
BRF:36
BRH:29
end_of_record
TN:
SF:src/pages/admin/UserManagement.tsx
FN:22,UserManagement
FN:29,(anonymous_1)
FN:33,(anonymous_2)
FN:37,(anonymous_3)
FN:38,(anonymous_4)
FN:41,(anonymous_5)
FN:46,(anonymous_6)
FN:53,(anonymous_7)
FN:53,(anonymous_8)
FN:62,(anonymous_9)
FN:68,(anonymous_10)
FN:68,(anonymous_11)
FN:102,(anonymous_12)
FN:133,(anonymous_13)
FN:141,(anonymous_14)
FN:172,(anonymous_15)
FN:179,(anonymous_16)
FNF:17
FNH:16
FNDA:59,UserManagement
FNDA:13,(anonymous_1)
FNDA:12,(anonymous_2)
FNDA:1,(anonymous_3)
FNDA:13,(anonymous_4)
FNDA:12,(anonymous_5)
FNDA:2,(anonymous_6)
FNDA:1,(anonymous_7)
FNDA:1,(anonymous_8)
FNDA:2,(anonymous_9)
FNDA:1,(anonymous_10)
FNDA:1,(anonymous_11)
FNDA:41,(anonymous_12)
FNDA:2,(anonymous_13)
FNDA:2,(anonymous_14)
FNDA:0,(anonymous_15)
FNDA:1,(anonymous_16)
DA:23,59
DA:24,59
DA:25,59
DA:26,59
DA:27,59
DA:29,59
DA:30,13
DA:31,13
DA:34,12
DA:35,12
DA:37,1
DA:38,13
DA:41,59
DA:42,12
DA:46,59
DA:47,2
DA:48,2
DA:50,2
DA:51,2
DA:52,2
DA:53,1
DA:54,1
DA:56,1
DA:58,2
DA:62,59
DA:63,2
DA:65,2
DA:66,2
DA:67,2
DA:68,1
DA:69,1
DA:71,1
DA:73,2
DA:77,59
DA:78,15
DA:85,44
DA:103,41
DA:133,2
DA:141,2
DA:172,0
DA:179,1
LF:41
LH:40
BRDA:29,0,0,13
BRDA:34,1,0,12
BRDA:34,1,1,0
BRDA:35,2,0,12
BRDA:35,2,1,0
BRDA:47,3,0,0
BRDA:47,3,1,2
BRDA:48,4,0,0
BRDA:48,4,1,2
BRDA:53,5,0,1
BRDA:53,5,1,0
BRDA:63,6,0,0
BRDA:63,6,1,2
BRDA:68,7,0,1
BRDA:68,7,1,0
BRDA:77,8,0,15
BRDA:77,8,1,44
BRDA:77,9,0,59
BRDA:77,9,1,26
BRDA:114,10,0,6
BRDA:114,10,1,35
BRDA:121,11,0,41
BRDA:121,11,1,7
BRDA:137,12,0,6
BRDA:137,12,1,35
BRDA:139,13,0,41
BRDA:139,13,1,34
BRDA:152,14,0,44
BRDA:152,14,1,6
BRDA:164,15,0,59
BRDA:164,15,1,9
BRF:31
BRH:24
end_of_record
