TN:
SF:src/app.ts
FN:14,createApp
FN:31,(anonymous_1)
FNF:2
FNH:1
FNDA:8,createApp
FNDA:0,(anonymous_1)
DA:15,8
DA:17,8
DA:18,8
DA:19,8
DA:20,8
DA:22,8
DA:23,8
DA:24,8
DA:25,8
DA:26,8
DA:27,8
DA:28,8
DA:29,8
DA:31,8
DA:32,0
DA:33,0
DA:36,8
LF:17
LH:15
BRDA:18,0,0,8
BRDA:18,0,1,8
BRF:2
BRH:2
end_of_record
TN:
SF:src/websocket.ts
FN:9,setupWebSocket
FN:12,(anonymous_1)
FN:13,(anonymous_2)
FN:19,broadcastStationUpdate
FN:26,(anonymous_4)
FNF:5
FNH:4
FNDA:2,setupWebSocket
FNDA:1,(anonymous_1)
FNDA:0,(anonymous_2)
FNDA:12,broadcastStationUpdate
FNDA:1,(anonymous_4)
DA:7,8
DA:10,2
DA:12,2
DA:13,1
DA:16,2
DA:20,12
DA:22,2
DA:23,2
DA:25,1
DA:26,1
DA:27,1
DA:29,1
DA:34,1
DA:35,1
DA:36,1
LF:15
LH:15
BRDA:20,0,0,10
BRDA:20,0,1,2
BRDA:23,1,0,1
BRDA:23,1,1,1
BRDA:35,2,0,1
BRDA:35,2,1,0
BRF:6
BRH:5
end_of_record
TN:
SF:src/middleware/auth.ts
FN:21,requireAuth
FN:42,requireAdmin
FN:43,(anonymous_2)
FNF:3
FNH:3
FNDA:134,requireAuth
FNDA:47,requireAdmin
FNDA:46,(anonymous_2)
DA:22,134
DA:23,134
DA:24,6
DA:25,6
DA:28,128
DA:29,128
DA:30,128
DA:31,128
DA:32,1
DA:33,1
DA:35,126
DA:36,126
DA:38,1
DA:43,47
DA:44,46
DA:45,1
DA:46,1
DA:48,45
LF:18
LH:18
BRDA:23,0,0,6
BRDA:23,0,1,128
BRDA:31,1,0,1
BRDA:31,1,1,127
BRDA:44,2,0,1
BRDA:44,2,1,45
BRF:6
BRH:6
end_of_record
TN:
SF:src/routes/admin.ts
FN:60,(anonymous_0)
FN:71,(anonymous_1)
FN:87,(anonymous_2)
FN:103,(anonymous_3)
FN:116,(anonymous_4)
FN:132,(anonymous_5)
FN:148,(anonymous_6)
FN:164,(anonymous_7)
FN:177,(anonymous_8)
FN:193,(anonymous_9)
FN:209,(anonymous_10)
FN:222,(anonymous_11)
FN:232,(anonymous_12)
FNF:13
FNH:13
FNDA:2,(anonymous_0)
FNDA:3,(anonymous_1)
FNDA:4,(anonymous_2)
FNDA:4,(anonymous_3)
FNDA:5,(anonymous_4)
FNDA:5,(anonymous_5)
FNDA:4,(anonymous_6)
FNDA:4,(anonymous_7)
FNDA:3,(anonymous_8)
FNDA:4,(anonymous_9)
FNDA:3,(anonymous_10)
FNDA:2,(anonymous_11)
FNDA:2,(anonymous_12)
DA:7,8
DA:9,8
DA:13,8
DA:21,8
DA:29,8
DA:36,8
DA:43,8
DA:48,8
DA:54,8
DA:60,8
DA:61,2
DA:62,2
DA:63,2
DA:65,1
DA:66,1
DA:67,1
DA:71,8
DA:72,3
DA:73,3
DA:74,3
DA:75,1
DA:76,1
DA:78,2
DA:79,2
DA:81,1
DA:82,1
DA:83,1
DA:87,8
DA:88,4
DA:89,4
DA:90,4
DA:91,1
DA:92,1
DA:94,3
DA:95,3
DA:97,2
DA:98,1
DA:99,1
DA:103,8
DA:104,4
DA:105,4
DA:106,4
DA:108,3
DA:109,1
DA:110,1
DA:116,8
DA:117,5
DA:118,5
DA:119,5
DA:120,0
DA:121,0
DA:123,5
DA:124,5
DA:126,1
DA:127,1
DA:128,1
DA:132,8
DA:133,5
DA:134,5
DA:135,5
DA:136,1
DA:137,1
DA:139,4
DA:140,4
DA:142,2
DA:143,1
DA:144,1
DA:148,8
DA:149,4
DA:150,4
DA:151,4
DA:152,1
DA:153,1
DA:155,3
DA:156,3
DA:158,2
DA:159,1
DA:160,1
DA:164,8
DA:165,4
DA:166,4
DA:167,4
DA:169,3
DA:170,1
DA:171,1
DA:177,8
DA:178,3
DA:179,3
DA:180,3
DA:181,1
DA:182,1
DA:184,2
DA:185,2
DA:187,1
DA:188,1
DA:189,1
DA:193,8
DA:194,4
DA:195,4
DA:196,4
DA:197,1
DA:198,1
DA:200,3
DA:201,3
DA:203,2
DA:204,1
DA:205,1
DA:209,8
DA:210,3
DA:211,3
DA:212,3
DA:214,2
DA:215,1
DA:216,1
DA:222,8
DA:223,2
DA:224,2
DA:225,2
DA:227,1
DA:228,1
DA:232,8
DA:233,2
DA:234,2
DA:235,2
DA:237,1
DA:238,1
LF:126
LH:124
BRDA:65,0,0,0
BRDA:65,0,1,1
BRDA:74,1,0,1
BRDA:74,1,1,2
BRDA:81,2,0,0
BRDA:81,2,1,1
BRDA:90,3,0,1
BRDA:90,3,1,3
BRDA:97,4,0,1
BRDA:97,4,1,1
BRDA:108,5,0,2
BRDA:108,5,1,1
BRDA:119,6,0,0
BRDA:119,6,1,5
BRDA:126,7,0,0
BRDA:126,7,1,1
BRDA:135,8,0,1
BRDA:135,8,1,4
BRDA:142,9,0,1
BRDA:142,9,1,1
BRDA:151,10,0,1
BRDA:151,10,1,3
BRDA:158,11,0,1
BRDA:158,11,1,1
BRDA:169,12,0,2
BRDA:169,12,1,1
BRDA:180,13,0,1
BRDA:180,13,1,2
BRDA:187,14,0,0
BRDA:187,14,1,1
BRDA:196,15,0,1
BRDA:196,15,1,3
BRDA:203,16,0,1
BRDA:203,16,1,1
BRDA:214,17,0,1
BRDA:214,17,1,1
BRF:36
BRH:31
end_of_record
TN:
SF:src/routes/auth.ts
FN:16,setTokenCookies
FN:27,clearTokenCookies
FN:52,(anonymous_2)
FN:78,(anonymous_3)
FN:104,(anonymous_4)
FN:128,(anonymous_5)
FN:144,(anonymous_6)
FNF:7
FNH:7
FNDA:9,setTokenCookies
FNDA:6,clearTokenCookies
FNDA:12,(anonymous_2)
FNDA:6,(anonymous_3)
FNDA:7,(anonymous_4)
FNDA:4,(anonymous_5)
FNDA:2,(anonymous_6)
DA:6,8
DA:9,8
DA:17,9
DA:21,9
DA:28,6
DA:29,6
DA:34,8
DA:45,8
DA:52,8
DA:53,12
DA:54,12
DA:55,12
DA:56,5
DA:60,5
DA:63,7
DA:64,5
DA:65,5
DA:67,2
DA:68,1
DA:69,1
DA:71,1
DA:72,1
DA:78,8
DA:79,6
DA:80,6
DA:81,6
DA:82,1
DA:86,1
DA:89,5
DA:90,2
DA:91,2
DA:93,3
DA:94,2
DA:95,2
DA:97,1
DA:98,1
DA:104,8
DA:105,7
DA:106,7
DA:107,7
DA:108,1
DA:109,1
DA:112,6
DA:113,2
DA:114,2
DA:116,4
DA:117,3
DA:118,3
DA:119,3
DA:121,1
DA:122,1
DA:128,8
DA:129,4
DA:130,4
DA:131,4
DA:132,3
DA:134,3
DA:135,3
DA:137,1
DA:138,1
DA:144,8
DA:145,2
LF:62
LH:62
BRDA:55,0,0,5
BRDA:55,0,1,7
BRDA:67,1,0,1
BRDA:67,1,1,1
BRDA:81,2,0,1
BRDA:81,2,1,5
BRDA:93,3,0,2
BRDA:93,3,1,1
BRDA:107,4,0,1
BRDA:107,4,1,6
BRDA:116,5,0,3
BRDA:116,5,1,1
BRDA:131,6,0,3
BRDA:131,6,1,1
BRF:14
BRH:14
end_of_record
TN:
SF:src/routes/health.ts
FN:5,(anonymous_0)
FNF:1
FNH:1
FNDA:1,(anonymous_0)
DA:3,8
DA:5,8
DA:6,1
LF:3
LH:3
BRF:0
BRH:0
end_of_record
TN:
SF:src/routes/payment-methods.ts
FN:24,(anonymous_0)
FN:75,(anonymous_1)
FN:92,(anonymous_2)
FN:116,(anonymous_3)
FN:138,(anonymous_4)
FNF:5
FNH:5
FNDA:5,(anonymous_0)
FNDA:2,(anonymous_1)
FNDA:4,(anonymous_2)
FNDA:2,(anonymous_3)
FNDA:3,(anonymous_4)
DA:9,8
DA:11,8
DA:15,8
DA:24,8
DA:25,5
DA:26,5
DA:27,5
DA:28,1
DA:32,1
DA:35,4
DA:36,4
DA:39,4
DA:45,4
DA:47,4
DA:48,4
DA:61,4
DA:62,4
DA:64,1
DA:65,0
DA:66,0
DA:68,1
DA:69,1
DA:75,8
DA:76,2
DA:77,2
DA:83,2
DA:85,1
DA:86,1
DA:92,8
DA:93,4
DA:94,4
DA:95,4
DA:97,4
DA:103,4
DA:104,1
DA:105,1
DA:108,2
DA:115,2
DA:116,2
DA:117,1
DA:123,2
DA:125,2
DA:127,1
DA:128,0
DA:129,0
DA:131,1
DA:132,1
DA:138,8
DA:139,3
DA:140,3
DA:141,3
DA:143,3
DA:149,3
DA:150,1
DA:151,1
DA:155,1
DA:161,1
DA:166,1
DA:167,1
DA:169,1
DA:170,0
DA:171,0
DA:173,1
DA:174,1
LF:64
LH:58
BRDA:27,0,0,1
BRDA:27,0,1,4
BRDA:64,1,0,0
BRDA:64,1,1,1
BRDA:103,2,0,1
BRDA:103,2,1,3
BRDA:115,3,0,1
BRDA:115,3,1,1
BRDA:115,4,0,2
BRDA:115,4,1,1
BRDA:127,5,0,0
BRDA:127,5,1,1
BRDA:149,6,0,1
BRDA:149,6,1,2
BRDA:169,7,0,0
BRDA:169,7,1,1
BRF:16
BRH:13
end_of_record
TN:
SF:src/routes/reservations.ts
FN:17,(anonymous_0)
FN:35,(anonymous_1)
FN:48,(anonymous_2)
FNF:3
FNH:3
FNDA:12,(anonymous_0)
FNDA:5,(anonymous_1)
FNDA:4,(anonymous_2)
DA:6,8
DA:8,8
DA:10,8
DA:17,8
DA:18,12
DA:19,12
DA:20,12
DA:21,1
DA:22,1
DA:24,11
DA:25,11
DA:27,7
DA:28,1
DA:29,1
DA:35,8
DA:36,5
DA:37,5
DA:38,5
DA:40,4
DA:41,1
DA:42,1
DA:48,8
DA:49,4
DA:50,4
DA:51,4
DA:53,1
DA:54,1
LF:27
LH:27
BRDA:20,0,0,1
BRDA:20,0,1,11
BRDA:27,1,0,6
BRDA:27,1,1,1
BRDA:40,2,0,3
BRDA:40,2,1,1
BRF:6
BRH:6
end_of_record
TN:
SF:src/routes/rides.ts
FN:28,(anonymous_0)
FN:53,(anonymous_1)
FN:69,(anonymous_2)
FN:94,(anonymous_3)
FN:120,(anonymous_4)
FNF:5
FNH:5
FNDA:9,(anonymous_0)
FNDA:3,(anonymous_1)
FNDA:7,(anonymous_2)
FNDA:5,(anonymous_3)
FNDA:4,(anonymous_4)
DA:6,8
DA:8,8
DA:12,8
DA:17,8
DA:21,8
DA:28,8
DA:29,9
DA:30,9
DA:31,9
DA:32,1
DA:36,1
DA:39,8
DA:40,8
DA:42,7
DA:43,6
DA:44,6
DA:46,1
DA:47,1
DA:53,8
DA:54,3
DA:55,3
DA:56,3
DA:58,1
DA:59,0
DA:60,0
DA:62,1
DA:63,1
DA:69,8
DA:70,7
DA:71,7
DA:72,7
DA:73,1
DA:77,1
DA:80,6
DA:81,6
DA:83,5
DA:84,4
DA:85,4
DA:87,1
DA:88,1
DA:94,8
DA:95,5
DA:96,5
DA:97,5
DA:98,1
DA:102,1
DA:105,4
DA:106,4
DA:107,4
DA:109,1
DA:110,0
DA:111,0
DA:113,1
DA:114,1
DA:120,8
DA:121,4
DA:122,4
DA:123,4
DA:125,3
DA:126,2
DA:127,2
DA:129,1
DA:130,1
LF:63
LH:59
BRDA:31,0,0,1
BRDA:31,0,1,8
BRDA:42,1,0,6
BRDA:42,1,1,1
BRDA:58,2,0,0
BRDA:58,2,1,1
BRDA:72,3,0,1
BRDA:72,3,1,6
BRDA:83,4,0,4
BRDA:83,4,1,1
BRDA:97,5,0,1
BRDA:97,5,1,4
BRDA:109,6,0,0
BRDA:109,6,1,1
BRDA:125,7,0,2
BRDA:125,7,1,1
BRF:16
BRH:14
end_of_record
TN:
SF:src/routes/stations.ts
FN:15,(anonymous_0)
FN:37,(anonymous_1)
FNF:2
FNH:2
FNDA:7,(anonymous_0)
FNDA:3,(anonymous_1)
DA:5,8
DA:7,8
DA:15,8
DA:16,7
DA:17,7
DA:18,7
DA:19,1
DA:23,1
DA:26,6
DA:27,6
DA:28,6
DA:30,1
DA:31,1
DA:37,8
DA:38,3
DA:39,3
DA:40,3
DA:41,3
DA:42,1
DA:43,1
DA:45,1
DA:47,1
DA:48,1
LF:23
LH:23
BRDA:18,0,0,1
BRDA:18,0,1,6
BRDA:41,1,0,1
BRDA:41,1,1,2
BRF:4
BRH:4
end_of_record
TN:
SF:src/routes/subscriptions.ts
FN:16,(anonymous_0)
FN:34,(anonymous_1)
FN:47,(anonymous_2)
FN:59,(anonymous_3)
FNF:4
FNH:4
FNDA:7,(anonymous_0)
FNDA:3,(anonymous_1)
FNDA:3,(anonymous_2)
FNDA:2,(anonymous_3)
DA:6,8
DA:8,8
DA:10,8
DA:16,8
DA:17,7
DA:18,7
DA:19,7
DA:20,1
DA:21,1
DA:23,6
DA:24,6
DA:26,1
DA:27,1
DA:28,1
DA:34,8
DA:35,3
DA:36,3
DA:37,3
DA:39,2
DA:40,1
DA:41,1
DA:47,8
DA:48,3
DA:49,3
DA:50,3
DA:52,1
DA:53,1
DA:59,8
DA:60,2
DA:61,2
DA:62,2
DA:64,1
DA:65,1
LF:33
LH:33
BRDA:19,0,0,1
BRDA:19,0,1,6
BRDA:26,1,0,0
BRDA:26,1,1,1
BRDA:39,2,0,1
BRDA:39,2,1,1
BRF:6
BRH:5
end_of_record
TN:
SF:src/services/admin.service.ts
FN:8,createStation
FN:22,updateStation
FN:34,deleteStation
FN:59,listAllStations
FN:65,createBike
FN:90,updateBike
FN:107,deleteBike
FN:120,listAllBikes
FN:124,(anonymous_8)
FN:127,(anonymous_9)
FN:130,(anonymous_10)
FN:138,listUsers
FN:170,updateUserRole
FN:182,suspendUser
FNF:14
FNH:14
FNDA:1,createStation
FNDA:2,updateStation
FNDA:3,deleteStation
FNDA:1,listAllStations
FNDA:3,createBike
FNDA:2,updateBike
FNDA:3,deleteBike
FNDA:4,listAllBikes
FNDA:2,(anonymous_8)
FNDA:2,(anonymous_9)
FNDA:2,(anonymous_10)
FNDA:1,listUsers
FNDA:2,updateUserRole
FNDA:2,suspendUser
DA:15,1
DA:16,1
DA:19,1
DA:26,2
DA:27,2
DA:28,1
DA:30,1
DA:31,1
DA:35,3
DA:36,3
DA:37,1
DA:41,2
DA:51,2
DA:52,1
DA:55,1
DA:56,1
DA:60,1
DA:71,3
DA:72,3
DA:73,1
DA:76,2
DA:77,2
DA:87,3
DA:99,2
DA:100,2
DA:101,1
DA:103,1
DA:104,1
DA:108,3
DA:109,3
DA:110,1
DA:112,2
DA:113,1
DA:116,1
DA:117,1
DA:121,4
DA:123,4
DA:124,2
DA:126,4
DA:127,2
DA:129,4
DA:130,2
DA:133,4
DA:139,1
DA:141,1
DA:145,1
DA:147,1
DA:162,1
DA:171,2
DA:172,2
DA:173,1
DA:176,1
DA:178,1
DA:179,1
DA:183,2
DA:184,2
DA:185,1
DA:189,1
DA:194,1
DA:195,1
LF:60
LH:60
BRDA:27,0,0,1
BRDA:27,0,1,1
BRDA:36,1,0,1
BRDA:36,1,1,2
BRDA:51,2,0,1
BRDA:51,2,1,1
BRDA:72,3,0,1
BRDA:72,3,1,2
BRDA:83,4,0,2
BRDA:83,4,1,1
BRDA:100,5,0,1
BRDA:100,5,1,1
BRDA:109,6,0,1
BRDA:109,6,1,2
BRDA:112,7,0,1
BRDA:112,7,1,1
BRDA:123,8,0,1
BRDA:123,8,1,3
BRDA:126,9,0,1
BRDA:126,9,1,3
BRDA:129,10,0,1
BRDA:129,10,1,3
BRDA:138,11,0,1
BRDA:138,12,0,1
BRDA:172,13,0,1
BRDA:172,13,1,1
BRDA:184,14,0,1
BRDA:184,14,1,1
BRF:28
BRH:28
end_of_record
TN:
SF:src/services/auth.service.ts
FN:27,toProfile
FN:39,generateAccessToken
FN:43,generateRefreshToken
FN:57,issueTokens
FN:58,(anonymous_4)
FN:66,register
FN:96,login
FN:106,refresh
FN:127,logout
FN:131,getUserById
FN:136,verifyAccessToken
FNF:11
FNH:11
FNDA:133,toProfile
FNDA:9,generateAccessToken
FNDA:9,generateRefreshToken
FNDA:9,issueTokens
FNDA:9,(anonymous_4)
FNDA:6,register
FNDA:4,login
FNDA:5,refresh
FNDA:2,logout
FNDA:127,getUserById
FNDA:128,verifyAccessToken
DA:8,8
DA:9,8
DA:10,8
DA:28,133
DA:40,9
DA:44,9
DA:45,9
DA:47,9
DA:54,9
DA:58,9
DA:73,6
DA:74,6
DA:75,1
DA:78,5
DA:79,5
DA:81,5
DA:90,6
DA:91,6
DA:93,5
DA:97,4
DA:98,4
DA:99,2
DA:102,2
DA:103,2
DA:107,5
DA:108,5
DA:110,2
DA:111,1
DA:113,2
DA:117,3
DA:119,3
DA:120,3
DA:121,1
DA:124,2
DA:128,2
DA:132,127
DA:133,127
DA:137,128
LF:38
LH:38
BRDA:8,0,0,8
BRDA:8,0,1,8
BRDA:74,1,0,1
BRDA:74,1,1,5
BRDA:86,2,0,5
BRDA:86,2,1,4
BRDA:98,3,0,2
BRDA:98,3,1,2
BRDA:98,4,0,4
BRDA:98,4,1,3
BRDA:108,5,0,2
BRDA:108,5,1,3
BRDA:108,6,0,5
BRDA:108,6,1,4
BRDA:110,7,0,1
BRDA:110,7,1,1
BRDA:120,8,0,1
BRDA:120,8,1,2
BRDA:133,9,0,126
BRDA:133,9,1,1
BRF:20
BRH:20
end_of_record
TN:
SF:src/services/fleet.service.ts
FN:5,getFleetOverview
FN:62,getStationDetails
FN:66,(anonymous_2)
FN:67,(anonymous_3)
FN:68,(anonymous_4)
FN:75,(anonymous_5)
FNF:6
FNH:6
FNDA:1,getFleetOverview
FNDA:1,getStationDetails
FNDA:1,(anonymous_2)
FNDA:1,(anonymous_3)
FNDA:1,(anonymous_4)
FNDA:1,(anonymous_5)
DA:6,1
DA:7,1
DA:9,1
DA:15,1
DA:21,1
DA:27,1
DA:34,1
DA:35,1
DA:36,1
DA:38,1
DA:44,1
DA:50,1
DA:63,1
DA:64,1
DA:66,1
DA:67,1
DA:68,1
DA:70,1
DA:75,1
LF:19
LH:19
BRF:0
BRH:0
end_of_record
TN:
SF:src/services/iot.service.ts
FN:4,unlockBike
FN:9,lockBike
FNF:2
FNH:2
FNDA:2,unlockBike
FNDA:2,lockBike
DA:5,2
DA:6,2
DA:10,2
DA:11,2
LF:4
LH:4
BRF:0
BRH:0
end_of_record
TN:
SF:src/services/payment.service.ts
FN:17,(anonymous_0)
FN:22,(anonymous_1)
FN:27,(anonymous_2)
FN:37,processPayment
FN:70,refundPayment
FNF:5
FNH:5
FNDA:5,(anonymous_0)
FNDA:3,(anonymous_1)
FNDA:1,(anonymous_2)
FNDA:5,processPayment
FNDA:5,refundPayment
DA:18,5
DA:19,5
DA:23,3
DA:24,3
DA:28,1
DA:29,1
DA:33,8
DA:42,5
DA:43,5
DA:44,1
DA:48,4
DA:54,4
DA:55,4
DA:67,5
DA:71,5
DA:72,5
DA:73,2
DA:76,3
DA:77,3
DA:78,1
DA:81,2
DA:83,2
LF:22
LH:22
BRDA:43,0,0,1
BRDA:43,0,1,4
BRDA:63,1,0,2
BRDA:63,1,1,2
BRDA:72,2,0,2
BRDA:72,2,1,3
BRDA:77,3,0,1
BRDA:77,3,1,2
BRF:8
BRH:8
end_of_record
TN:
SF:src/services/pricing.service.ts
FN:8,calculateRideCost
FN:19,getEstimate
FN:23,getPricingInfo
FNF:3
FNH:3
FNDA:4,calculateRideCost
FNDA:1,getEstimate
FNDA:1,getPricingInfo
DA:3,8
DA:4,8
DA:13,4
DA:14,4
DA:16,4
DA:20,1
DA:24,1
LF:7
LH:7
BRF:0
BRH:0
end_of_record
TN:
SF:src/services/reservation.service.ts
FN:9,reserveBike
FN:54,cancelReservation
FN:87,getActiveReservation
FN:115,expireReservations
FNF:4
FNH:4
FNDA:10,reserveBike
FNDA:4,cancelReservation
FNDA:3,getActiveReservation
FNDA:2,expireReservations
DA:7,8
DA:11,10
DA:12,10
DA:13,1
DA:15,9
DA:16,2
DA:18,7
DA:19,1
DA:23,6
DA:24,6
DA:25,1
DA:29,5
DA:34,5
DA:35,1
DA:38,4
DA:39,4
DA:42,4
DA:45,4
DA:49,4
DA:51,4
DA:55,4
DA:61,4
DA:62,1
DA:64,3
DA:65,1
DA:67,2
DA:68,1
DA:71,1
DA:77,1
DA:82,1
DA:84,1
DA:88,3
DA:94,3
DA:97,2
DA:98,1
DA:103,1
DA:108,1
DA:109,1
DA:112,1
DA:116,2
DA:117,2
DA:123,2
DA:124,1
DA:129,1
DA:134,1
DA:137,2
DA:138,1
LF:47
LH:47
BRDA:12,0,0,1
BRDA:12,0,1,9
BRDA:15,1,0,2
BRDA:15,1,1,7
BRDA:18,2,0,1
BRDA:18,2,1,6
BRDA:24,3,0,1
BRDA:24,3,1,5
BRDA:34,4,0,1
BRDA:34,4,1,4
BRDA:61,5,0,1
BRDA:61,5,1,3
BRDA:64,6,0,1
BRDA:64,6,1,2
BRDA:67,7,0,1
BRDA:67,7,1,1
BRDA:94,8,0,1
BRDA:94,8,1,2
BRDA:97,9,0,1
BRDA:97,9,1,1
BRDA:137,10,0,1
BRDA:137,10,1,1
BRF:22
BRH:22
end_of_record
TN:
SF:src/services/ride.service.ts
FN:33,getStationName
FN:39,enrichRide
FN:63,startRide
FN:132,getActiveRide
FN:143,endRide
FN:205,getRideHistory
FN:236,getRideById
FNF:7
FNH:7
FNDA:16,getStationName
FNDA:8,enrichRide
FNDA:7,startRide
FNDA:2,getActiveRide
FNDA:5,endRide
FNDA:3,getRideHistory
FNDA:3,getRideById
DA:34,16
DA:35,11
DA:36,11
DA:40,8
DA:46,8
DA:52,8
DA:69,7
DA:70,7
DA:71,1
DA:73,6
DA:74,1
DA:76,5
DA:77,1
DA:79,4
DA:80,1
DA:84,3
DA:89,3
DA:90,1
DA:94,2
DA:99,2
DA:100,1
DA:104,1
DA:110,1
DA:113,1
DA:114,1
DA:116,1
DA:127,1
DA:128,1
DA:129,1
DA:133,2
DA:139,2
DA:140,1
DA:149,5
DA:150,5
DA:151,1
DA:153,4
DA:154,1
DA:156,3
DA:157,1
DA:161,2
DA:162,2
DA:163,1
DA:167,1
DA:168,1
DA:169,1
DA:170,1
DA:173,1
DA:185,1
DA:186,1
DA:187,1
DA:189,1
DA:195,1
DA:198,1
DA:200,1
DA:201,1
DA:202,1
DA:210,3
DA:212,3
DA:217,3
DA:219,3
DA:228,3
DA:237,3
DA:238,3
DA:239,1
DA:241,2
DA:242,1
DA:244,1
LF:67
LH:67
BRDA:34,0,0,5
BRDA:34,0,1,11
BRDA:36,1,0,11
BRDA:36,1,1,0
BRDA:40,2,0,8
BRDA:40,2,1,5
BRDA:46,3,0,8
BRDA:46,3,1,0
BRDA:54,4,0,8
BRDA:54,4,1,0
BRDA:70,5,0,1
BRDA:70,5,1,6
BRDA:73,6,0,1
BRDA:73,6,1,5
BRDA:76,7,0,1
BRDA:76,7,1,4
BRDA:79,8,0,1
BRDA:79,8,1,3
BRDA:89,9,0,1
BRDA:89,9,1,2
BRDA:99,10,0,1
BRDA:99,10,1,1
BRDA:139,11,0,1
BRDA:139,11,1,1
BRDA:150,12,0,1
BRDA:150,12,1,4
BRDA:153,13,0,1
BRDA:153,13,1,3
BRDA:156,14,0,1
BRDA:156,14,1,2
BRDA:162,15,0,1
BRDA:162,15,1,1
BRDA:207,16,0,3
BRDA:208,17,0,3
BRDA:238,18,0,1
BRDA:238,18,1,2
BRDA:241,19,0,1
BRDA:241,19,1,1
BRF:38
BRH:35
end_of_record
TN:
SF:src/services/station.service.ts
FN:41,listStations
FN:59,(anonymous_1)
FN:82,(anonymous_2)
FN:83,(anonymous_3)
FN:89,getStationById
FN:97,(anonymous_5)
FN:110,(anonymous_6)
FNF:7
FNH:6
FNDA:5,listStations
FNDA:8,(anonymous_1)
FNDA:4,(anonymous_2)
FNDA:0,(anonymous_3)
FNDA:2,getStationById
FNDA:2,(anonymous_5)
FNDA:2,(anonymous_6)
DA:42,5
DA:44,5
DA:50,5
DA:51,5
DA:52,3
DA:53,3
DA:54,3
DA:55,3
DA:56,3
DA:59,5
DA:60,8
DA:61,8
DA:65,8
DA:81,5
DA:82,4
DA:83,2
DA:86,5
DA:90,2
DA:91,2
DA:93,1
DA:97,2
DA:99,1
DA:110,2
LF:23
LH:23
BRDA:41,0,0,5
BRDA:52,1,0,0
BRDA:52,1,1,3
BRDA:53,2,0,3
BRDA:53,2,1,1
BRDA:55,3,0,2
BRDA:55,3,1,1
BRDA:60,4,0,8
BRDA:60,4,1,7
BRDA:61,5,0,4
BRDA:61,5,1,4
BRDA:61,6,0,8
BRDA:61,6,1,4
BRDA:81,7,0,2
BRDA:81,7,1,3
BRDA:81,8,0,5
BRDA:81,8,1,2
BRDA:91,9,0,1
BRDA:91,9,1,1
BRF:19
BRH:18
end_of_record
TN:
SF:src/services/subscription.service.ts
FN:12,subscribe
FN:38,cancelSubscription
FN:57,getCurrentSubscription
FN:67,getSubscriptionDiscount
FN:74,getPlans
FN:75,(anonymous_5)
FNF:6
FNH:6
FNDA:5,subscribe
FNDA:2,cancelSubscription
FNDA:6,getCurrentSubscription
FNDA:4,getSubscriptionDiscount
FNDA:1,getPlans
FNDA:3,(anonymous_5)
DA:6,8
DA:14,5
DA:20,5
DA:21,1
DA:27,5
DA:28,5
DA:29,5
DA:31,5
DA:35,5
DA:39,2
DA:45,2
DA:46,1
DA:49,1
DA:54,1
DA:58,6
DA:68,4
DA:69,4
DA:70,3
DA:71,3
DA:75,3
LF:20
LH:20
BRDA:20,0,0,1
BRDA:20,0,1,4
BRDA:45,1,0,1
BRDA:45,1,1,1
BRDA:59,2,0,6
BRDA:59,2,1,2
BRDA:69,3,0,1
BRDA:69,3,1,3
BRDA:71,4,0,3
BRDA:71,4,1,0
BRF:10
BRH:9
end_of_record
TN:
SF:src/utils/geo.ts
FN:3,toRadians
FN:11,haversineDistance
FNF:2
FNH:2
FNDA:28,toRadians
FNDA:7,haversineDistance
DA:1,8
DA:4,28
DA:17,7
DA:18,7
DA:20,7
DA:22,7
DA:23,7
LF:7
LH:7
BRF:0
BRH:0
end_of_record
